# Logfile created on 2014-10-16 16:01:23 -0700 by logger.rb/31641
I, [2014-10-16T16:01:30.010195 #11329]  INFO -- : https://www.charitable.org/en/explore%23by_category_id/1 https://www.charitable.org/en 1
I, [2014-10-16T16:01:30.099672 #11329]  INFO -- : https://www.charitable.org/en/explore%23by_category_id/1 https://www.charitable.org/en 2
I, [2014-10-16T16:01:30.132979 #11329]  INFO -- : https://www.charitable.org/en/explore%23by_category_id/2 https://www.charitable.org/en 2
I, [2014-10-16T16:01:30.133415 #11329]  INFO -- : https://www.charitable.org/en/explore%23by_category_id/2 https://www.charitable.org/en 1
I, [2014-10-16T16:01:30.133756 #11329]  INFO -- : https://www.charitable.org/en/explore%23by_category_id/3 https://www.charitable.org/en 1
I, [2014-10-16T16:01:30.278670 #11329]  INFO -- : https://www.charitable.org/en/explore%23by_category_id/3 https://www.charitable.org/en 2
I, [2014-10-16T16:01:30.606303 #11329]  INFO -- : https://www.charitable.org/en/explore%23by_category_id/4 https://www.charitable.org/en 1
I, [2014-10-16T16:01:30.607599 #11329]  INFO -- : https://www.charitable.org/en/explore%23by_category_id/4 https://www.charitable.org/en 2
I, [2014-10-16T16:01:30.722575 #11329]  INFO -- : https://www.charitable.org/en/explore%23by_category_id/6 https://www.charitable.org/en 2
I, [2014-10-16T16:01:30.723759 #11329]  INFO -- : https://www.charitable.org/en/explore%23by_category_id/7 https://www.charitable.org/en 1
I, [2014-10-16T16:01:30.767393 #11329]  INFO -- : https://www.charitable.org/en/explore%23by_category_id/5 https://www.charitable.org/en 1
I, [2014-10-16T16:01:30.833286 #11329]  INFO -- : https://www.charitable.org/en/explore%23by_category_id/7 https://www.charitable.org/en 2
I, [2014-10-16T16:01:30.923390 #11329]  INFO -- : https://www.charitable.org/en/explore%23by_category_id/6 https://www.charitable.org/en 1
I, [2014-10-16T16:01:30.950608 #11329]  INFO -- : https://www.charitable.org/en/explore%23by_category_id/5 https://www.charitable.org/en 2
I, [2014-10-16T16:01:31.036727 #11329]  INFO -- : https://www.charitable.org/en/explore%23by_category_id/8 https://www.charitable.org/en 1
I, [2014-10-16T16:01:31.062118 #11329]  INFO -- : https://www.charitable.org/en/explore%23by_category_id/8 https://www.charitable.org/en 2
I, [2014-10-16T16:01:31.162944 #11329]  INFO -- : https://www.charitable.org/en/explore%23near_of/GA https://www.charitable.org/en 2
I, [2014-10-16T16:01:31.163309 #11329]  INFO -- : https://www.charitable.org/en/explore%23near_of/GA https://www.charitable.org/en 1
I, [2014-10-16T16:01:32.850056 #11329]  INFO -- : https://www.charitable.org/en/%23near_of/GA https://www.charitable.org/en/explore 3
I, [2014-10-16T16:01:33.414283 #11329]  INFO -- : https://www.charitable.org/en/%23by_category_id/2 https://www.charitable.org/en/explore 3
I, [2014-10-16T16:01:33.443003 #11329]  INFO -- : https://www.charitable.org/en/%23by_category_id/3 https://www.charitable.org/en/explore 3
I, [2014-10-16T16:01:33.443378 #11329]  INFO -- : https://www.charitable.org/en/%23by_category_id/1 https://www.charitable.org/en/explore 3
I, [2014-10-16T16:01:33.563803 #11329]  INFO -- : https://www.charitable.org/en/%23by_category_id/4 https://www.charitable.org/en/explore 3
I, [2014-10-16T16:01:33.917088 #11329]  INFO -- : https://www.charitable.org/en/%23by_category_id/7 https://www.charitable.org/en/explore 3
I, [2014-10-16T16:01:33.917747 #11329]  INFO -- : https://www.charitable.org/en/%23by_category_id/5 https://www.charitable.org/en/explore 3
I, [2014-10-16T16:01:33.919385 #11329]  INFO -- : https://www.charitable.org/en/%23by_category_id/8 https://www.charitable.org/en/explore 3
I, [2014-10-16T16:01:34.010630 #11329]  INFO -- : https://www.charitable.org/en/%23by_category_id/6 https://www.charitable.org/en/explore 3
