# Logfile created on 2014-10-16 16:01:23 -0700 by logger.rb/31641
I, [2014-10-16T16:01:23.306077 #11329]  INFO -- : CRAWL BEGIN AT: 2014-10-16 16:01:23 -0700
I, [2014-10-16T16:01:26.721391 #11329]  INFO -- : https://www.charitable.org/en
I, [2014-10-16T16:01:28.535121 #11329]  INFO -- : https://www.charitable.org/en/learn
I, [2014-10-16T16:01:28.537596 #11329]  INFO -- : https://www.charitable.org/en/learn
I, [2014-10-16T16:01:28.542538 #11329]  INFO -- : https://www.charitable.org/en/inspirations
I, [2014-10-16T16:01:28.545800 #11329]  INFO -- : https://www.charitable.org/en/inspirations
I, [2014-10-16T16:01:28.551759 #11329]  INFO -- : https://www.charitable.org/en/explore
I, [2014-10-16T16:01:28.555982 #11329]  INFO -- : https://www.charitable.org/en/explore
I, [2014-10-16T16:01:28.558893 #11329]  INFO -- : https://www.charitable.org/en/about
I, [2014-10-16T16:01:28.561309 #11329]  INFO -- : https://www.charitable.org/en/about
I, [2014-10-16T16:01:28.589446 #11329]  INFO -- : https://www.charitable.org/en/sign_up
I, [2014-10-16T16:01:28.591906 #11329]  INFO -- : https://www.charitable.org/en/sign_up
I, [2014-10-16T16:01:28.593441 #11329]  INFO -- : https://www.charitable.org/en/login
I, [2014-10-16T16:01:28.599269 #11329]  INFO -- : https://www.charitable.org/en/als-challenge
I, [2014-10-16T16:01:28.601014 #11329]  INFO -- : https://www.charitable.org/en/als-challenge
I, [2014-10-16T16:01:28.602969 #11329]  INFO -- : https://www.charitable.org/en/guidelines
I, [2014-10-16T16:01:28.603528 #11329]  INFO -- : https://www.charitable.org/en/guidelines
I, [2014-10-16T16:01:28.605657 #11329]  INFO -- : https://www.charitable.org/en/explore%23by_category_id/1
I, [2014-10-16T16:01:28.606166 #11329]  INFO -- : https://www.charitable.org/en/explore%23by_category_id/1
I, [2014-10-16T16:01:28.607773 #11329]  INFO -- : https://www.charitable.org/en/explore%23by_category_id/2
I, [2014-10-16T16:01:28.608330 #11329]  INFO -- : https://www.charitable.org/en/explore%23by_category_id/2
I, [2014-10-16T16:01:28.610205 #11329]  INFO -- : https://www.charitable.org/en/explore%23by_category_id/3
I, [2014-10-16T16:01:28.611039 #11329]  INFO -- : https://www.charitable.org/en/explore%23by_category_id/3
I, [2014-10-16T16:01:28.612949 #11329]  INFO -- : https://www.charitable.org/en/explore%23by_category_id/4
I, [2014-10-16T16:01:28.613694 #11329]  INFO -- : https://www.charitable.org/en/explore%23by_category_id/4
I, [2014-10-16T16:01:28.615263 #11329]  INFO -- : https://www.charitable.org/en/explore%23by_category_id/5
I, [2014-10-16T16:01:28.615800 #11329]  INFO -- : https://www.charitable.org/en/explore%23by_category_id/5
I, [2014-10-16T16:01:28.617434 #11329]  INFO -- : https://www.charitable.org/en/explore%23by_category_id/6
I, [2014-10-16T16:01:28.617971 #11329]  INFO -- : https://www.charitable.org/en/explore%23by_category_id/6
I, [2014-10-16T16:01:28.619706 #11329]  INFO -- : https://www.charitable.org/en/explore%23by_category_id/7
I, [2014-10-16T16:01:28.620269 #11329]  INFO -- : https://www.charitable.org/en/explore%23by_category_id/7
I, [2014-10-16T16:01:28.622747 #11329]  INFO -- : https://www.charitable.org/en/explore%23by_category_id/8
I, [2014-10-16T16:01:28.623379 #11329]  INFO -- : https://www.charitable.org/en/explore%23by_category_id/8
I, [2014-10-16T16:01:28.625191 #11329]  INFO -- : https://www.charitable.org/en/explore%23near_of/GA
I, [2014-10-16T16:01:28.625900 #11329]  INFO -- : https://www.charitable.org/en/explore%23near_of/GA
I, [2014-10-16T16:01:28.627451 #11329]  INFO -- : https://www.charitable.org/en/projects/new
I, [2014-10-16T16:01:28.628054 #11329]  INFO -- : https://www.charitable.org/en/projects/new
I, [2014-10-16T16:01:28.629546 #11329]  INFO -- : http://support.charitable.org/hc/en-us/articles/202221513-What-are-the-project-requirements-
I, [2014-10-16T16:01:28.630099 #11329]  INFO -- : http://support.charitable.org/hc/en-us/articles/202221513-What-are-the-project-requirements-
I, [2014-10-16T16:01:28.631633 #11329]  INFO -- : https://www.charitable.org/en/why-charitable
I, [2014-10-16T16:01:28.632116 #11329]  INFO -- : https://www.charitable.org/en/why-charitable
I, [2014-10-16T16:01:28.633594 #11329]  INFO -- : https://www.charitable.org/en/nonprofits
I, [2014-10-16T16:01:28.634137 #11329]  INFO -- : https://www.charitable.org/en/nonprofits
I, [2014-10-16T16:01:28.635723 #11329]  INFO -- : https://www.charitable.org/en/faq
I, [2014-10-16T16:01:28.636277 #11329]  INFO -- : https://www.charitable.org/en/faq
I, [2014-10-16T16:01:28.637822 #11329]  INFO -- : http://support.charitable.org/
I, [2014-10-16T16:01:28.638373 #11329]  INFO -- : http://support.charitable.org/
I, [2014-10-16T16:01:28.640009 #11329]  INFO -- : http://www.charitable.org/en/assets/application/static/CharitableStyleGuide.pdf
I, [2014-10-16T16:01:28.640487 #11329]  INFO -- : http://www.charitable.org/en/assets/application/static/CharitableStyleGuide.pdf
I, [2014-10-16T16:01:28.642041 #11329]  INFO -- : https://twitter.com/charitableworld
I, [2014-10-16T16:01:28.642638 #11329]  INFO -- : https://twitter.com/charitableworld
I, [2014-10-16T16:01:28.644723 #11329]  INFO -- : http://instagram.com/charitableworld
I, [2014-10-16T16:01:28.647914 #11329]  INFO -- : http://instagram.com/charitableworld
I, [2014-10-16T16:01:29.449066 #11329]  INFO -- : https://www.charitable.org/en/%23near_of/GA
I, [2014-10-16T16:01:29.452480 #11329]  INFO -- : https://www.charitable.org/auth/facebook
I, [2014-10-16T16:01:29.453034 #11329]  INFO -- : https://www.charitable.org/en/%23by_category_id/1
I, [2014-10-16T16:01:29.462762 #11329]  INFO -- : https://www.charitable.org/en/%23by_category_id/2
I, [2014-10-16T16:01:29.468220 #11329]  INFO -- : https://www.charitable.org/en/%23by_category_id/3
I, [2014-10-16T16:01:29.546756 #11329]  INFO -- : https://www.charitable.org/en/%23by_category_id/4
I, [2014-10-16T16:01:29.562725 #11329]  INFO -- : https://www.charitable.org/en/%23by_category_id/5
I, [2014-10-16T16:01:29.575045 #11329]  INFO -- : https://www.charitable.org/en/%23by_category_id/6
I, [2014-10-16T16:01:29.579692 #11329]  INFO -- : https://www.charitable.org/en/%23by_category_id/7
I, [2014-10-16T16:01:29.582256 #11329]  INFO -- : https://www.charitable.org/en/%23by_category_id/8
I, [2014-10-16T16:01:29.724769 #11329]  INFO -- : https://www.charitable.org/en/password/new
I, [2014-10-16T16:01:30.196549 #11329]  INFO -- : https://www.charitable.org/en/guidelines/telling_your_story
I, [2014-10-16T16:01:30.197592 #11329]  INFO -- : https://www.charitable.org/en/guidelines/marketing_your_project
I, [2014-10-16T16:01:30.198512 #11329]  INFO -- : https://www.charitable.org/en/guidelines/managing_your_project
I, [2014-10-16T16:01:30.199471 #11329]  INFO -- : https://www.charitable.org/en/guidelines/completing_your_project
I, [2014-10-16T16:01:31.371632 #11329]  INFO -- : http://www.charitable.org/explore
I, [2014-10-16T16:01:31.373281 #11329]  INFO -- : http://support.charitable.org/hc/en-us/articles/202443193-Terms-Conditions
I, [2014-10-16T16:01:31.543426 #11329]  INFO -- : https://www.charitable.org/en/organizations
I, [2014-10-16T16:01:33.129277 #11329]  INFO -- : http://www.alsa.org/fight-als/ice-bucket-challenge.html
I, [2014-10-16T16:01:33.130385 #11329]  INFO -- : http://www.alsa.org/fight-als/ice-bucket-challenge.html
I, [2014-10-16T16:01:33.132353 #11329]  INFO -- : http://www.alsa.org/about-als/what-is-als.html
I, [2014-10-16T16:01:33.134101 #11329]  INFO -- : http://www.alsa.org/about-als/what-is-als.html
I, [2014-10-16T16:01:33.158488 #11329]  INFO -- : http://www.addpoll.com/charitable/poll/226285
I, [2014-10-16T16:01:33.159391 #11329]  INFO -- : http://www.addpoll.com/charitable/poll/226285
I, [2014-10-16T16:01:33.184399 #11329]  INFO -- : https://www.youtube.com/embed/_XOgsIAUpxI?title=0&byline=0&portrait=0&autoplay=0
I, [2014-10-16T16:01:33.185024 #11329]  INFO -- : https://www.youtube.com/embed/_XOgsIAUpxI?title=0&byline=0&portrait=0&autoplay=0
I, [2014-10-16T16:01:33.186994 #11329]  INFO -- : https://www.youtube.com/embed/B9kK7UvAytA?title=0&byline=0&portrait=0&autoplay=0
I, [2014-10-16T16:01:33.187620 #11329]  INFO -- : https://www.youtube.com/embed/B9kK7UvAytA?title=0&byline=0&portrait=0&autoplay=0
I, [2014-10-16T16:01:33.189481 #11329]  INFO -- : https://www.youtube.com/embed/XS6ysDFTbLU?title=0&byline=0&portrait=0&autoplay=0
I, [2014-10-16T16:01:33.190072 #11329]  INFO -- : https://www.youtube.com/embed/XS6ysDFTbLU?title=0&byline=0&portrait=0&autoplay=0
I, [2014-10-16T16:01:33.191840 #11329]  INFO -- : https://www.youtube.com/embed/h07OT8p8Oik?title=0&byline=0&portrait=0&autoplay=0
I, [2014-10-16T16:01:33.192462 #11329]  INFO -- : https://www.youtube.com/embed/h07OT8p8Oik?title=0&byline=0&portrait=0&autoplay=0
I, [2014-10-16T16:01:33.194187 #11329]  INFO -- : https://www.youtube.com/embed/Mmax3yEZX58?title=0&byline=0&portrait=0&autoplay=0
I, [2014-10-16T16:01:33.194744 #11329]  INFO -- : https://www.youtube.com/embed/Mmax3yEZX58?title=0&byline=0&portrait=0&autoplay=0
I, [2014-10-16T16:01:33.196953 #11329]  INFO -- : https://player.vimeo.com/video/103275192?title=0&byline=0&portrait=0&autoplay=0
I, [2014-10-16T16:01:33.197711 #11329]  INFO -- : https://player.vimeo.com/video/103275192?title=0&byline=0&portrait=0&autoplay=0
I, [2014-10-16T16:01:33.201149 #11329]  INFO -- : https://www.youtube.com/embed/jFkFRwbT3Fc?title=0&byline=0&portrait=0&autoplay=0
I, [2014-10-16T16:01:33.201972 #11329]  INFO -- : https://www.youtube.com/embed/jFkFRwbT3Fc?title=0&byline=0&portrait=0&autoplay=0
I, [2014-10-16T16:01:33.204080 #11329]  INFO -- : https://www.youtube.com/embed/pvNDJwf1X-U?title=0&byline=0&portrait=0&autoplay=0
I, [2014-10-16T16:01:33.204873 #11329]  INFO -- : https://www.youtube.com/embed/pvNDJwf1X-U?title=0&byline=0&portrait=0&autoplay=0
I, [2014-10-16T16:01:33.208346 #11329]  INFO -- : https://www.youtube.com/embed/LLemCf6qIrc?title=0&byline=0&portrait=0&autoplay=0
I, [2014-10-16T16:01:33.209072 #11329]  INFO -- : https://www.youtube.com/embed/LLemCf6qIrc?title=0&byline=0&portrait=0&autoplay=0
I, [2014-10-16T16:01:33.211198 #11329]  INFO -- : https://www.youtube.com/embed/GS7WZznByy8?title=0&byline=0&portrait=0&autoplay=0
I, [2014-10-16T16:01:33.212092 #11329]  INFO -- : https://www.youtube.com/embed/GS7WZznByy8?title=0&byline=0&portrait=0&autoplay=0
I, [2014-10-16T16:01:33.215003 #11329]  INFO -- : https://www.youtube.com/embed/7hb4ffZvrcg?title=0&byline=0&portrait=0&autoplay=0
I, [2014-10-16T16:01:33.215570 #11329]  INFO -- : https://www.youtube.com/embed/7hb4ffZvrcg?title=0&byline=0&portrait=0&autoplay=0
I, [2014-10-16T16:01:33.217197 #11329]  INFO -- : https://www.youtube.com/embed/Pk-pOYlWTv8?title=0&byline=0&portrait=0&autoplay=0
I, [2014-10-16T16:01:33.217762 #11329]  INFO -- : https://www.youtube.com/embed/Pk-pOYlWTv8?title=0&byline=0&portrait=0&autoplay=0
I, [2014-10-16T16:01:33.219848 #11329]  INFO -- : https://www.youtube.com/embed/OnIlXc3XrCE?title=0&byline=0&portrait=0&autoplay=0
I, [2014-10-16T16:01:33.220606 #11329]  INFO -- : https://www.youtube.com/embed/OnIlXc3XrCE?title=0&byline=0&portrait=0&autoplay=0
I, [2014-10-16T16:01:33.222142 #11329]  INFO -- : https://www.youtube.com/embed/Z8KgCYdCPzE?title=0&byline=0&portrait=0&autoplay=0
I, [2014-10-16T16:01:33.222692 #11329]  INFO -- : https://www.youtube.com/embed/Z8KgCYdCPzE?title=0&byline=0&portrait=0&autoplay=0
I, [2014-10-16T16:01:33.224349 #11329]  INFO -- : https://www.youtube.com/embed/6PopebafTmE?title=0&byline=0&portrait=0&autoplay=0
I, [2014-10-16T16:01:33.224911 #11329]  INFO -- : https://www.youtube.com/embed/6PopebafTmE?title=0&byline=0&portrait=0&autoplay=0
I, [2014-10-16T16:01:33.226740 #11329]  INFO -- : https://www.youtube.com/embed/b_kdke345NQ?title=0&byline=0&portrait=0&autoplay=0
I, [2014-10-16T16:01:33.227578 #11329]  INFO -- : https://www.youtube.com/embed/b_kdke345NQ?title=0&byline=0&portrait=0&autoplay=0
I, [2014-10-16T16:01:33.229622 #11329]  INFO -- : https://www.youtube.com/embed/ML3zaY5FZ9E?title=0&byline=0&portrait=0&autoplay=0
I, [2014-10-16T16:01:33.230162 #11329]  INFO -- : https://www.youtube.com/embed/ML3zaY5FZ9E?title=0&byline=0&portrait=0&autoplay=0
I, [2014-10-16T16:01:33.231832 #11329]  INFO -- : https://www.youtube.com/embed/xcpb6pLrXBM?title=0&byline=0&portrait=0&autoplay=0
I, [2014-10-16T16:01:33.232512 #11329]  INFO -- : https://www.youtube.com/embed/xcpb6pLrXBM?title=0&byline=0&portrait=0&autoplay=0
I, [2014-10-16T16:01:33.234081 #11329]  INFO -- : https://www.youtube.com/embed/0fmmoHmpT70?title=0&byline=0&portrait=0&autoplay=0
I, [2014-10-16T16:01:33.234653 #11329]  INFO -- : https://www.youtube.com/embed/0fmmoHmpT70?title=0&byline=0&portrait=0&autoplay=0
I, [2014-10-16T16:01:33.236287 #11329]  INFO -- : https://www.youtube.com/embed/l2x1Jt8E2tw?title=0&byline=0&portrait=0&autoplay=0
I, [2014-10-16T16:01:33.236924 #11329]  INFO -- : https://www.youtube.com/embed/l2x1Jt8E2tw?title=0&byline=0&portrait=0&autoplay=0
I, [2014-10-16T16:01:33.238489 #11329]  INFO -- : https://www.youtube.com/embed/Dt1ZfKrNz7U?title=0&byline=0&portrait=0&autoplay=0
I, [2014-10-16T16:01:33.239048 #11329]  INFO -- : https://www.youtube.com/embed/Dt1ZfKrNz7U?title=0&byline=0&portrait=0&autoplay=0
I, [2014-10-16T16:01:33.240660 #11329]  INFO -- : https://www.youtube.com/embed/w-a403Oq6pY?title=0&byline=0&portrait=0&autoplay=0
I, [2014-10-16T16:01:33.241311 #11329]  INFO -- : https://www.youtube.com/embed/w-a403Oq6pY?title=0&byline=0&portrait=0&autoplay=0
I, [2014-10-16T16:01:33.243108 #11329]  INFO -- : https://www.youtube.com/embed/cHXaXBAh3m4?title=0&byline=0&portrait=0&autoplay=0
I, [2014-10-16T16:01:33.243663 #11329]  INFO -- : https://www.youtube.com/embed/cHXaXBAh3m4?title=0&byline=0&portrait=0&autoplay=0
I, [2014-10-16T16:01:33.245292 #11329]  INFO -- : https://www.youtube.com/embed/B_iCIg2oCCs?title=0&byline=0&portrait=0&autoplay=0
I, [2014-10-16T16:01:33.245813 #11329]  INFO -- : https://www.youtube.com/embed/B_iCIg2oCCs?title=0&byline=0&portrait=0&autoplay=0
I, [2014-10-16T16:01:33.247434 #11329]  INFO -- : https://www.youtube.com/embed/RSM0z1SHslY?title=0&byline=0&portrait=0&autoplay=0
I, [2014-10-16T16:01:33.247935 #11329]  INFO -- : https://www.youtube.com/embed/RSM0z1SHslY?title=0&byline=0&portrait=0&autoplay=0
I, [2014-10-16T16:01:33.249445 #11329]  INFO -- : https://www.youtube.com/embed/5p0hLMxoMRE?title=0&byline=0&portrait=0&autoplay=0
I, [2014-10-16T16:01:33.250061 #11329]  INFO -- : https://www.youtube.com/embed/5p0hLMxoMRE?title=0&byline=0&portrait=0&autoplay=0
I, [2014-10-16T16:01:33.251608 #11329]  INFO -- : https://www.youtube.com/embed/6TTpXKFBkjk?title=0&byline=0&portrait=0&autoplay=0
I, [2014-10-16T16:01:33.252214 #11329]  INFO -- : https://www.youtube.com/embed/6TTpXKFBkjk?title=0&byline=0&portrait=0&autoplay=0
I, [2014-10-16T16:01:33.253856 #11329]  INFO -- : https://www.youtube.com/embed/gPN7tD6yi1o?title=0&byline=0&portrait=0&autoplay=0
I, [2014-10-16T16:01:33.254403 #11329]  INFO -- : https://www.youtube.com/embed/gPN7tD6yi1o?title=0&byline=0&portrait=0&autoplay=0
I, [2014-10-16T16:01:33.256012 #11329]  INFO -- : https://www.youtube.com/embed/OWc45iW4_V0?title=0&byline=0&portrait=0&autoplay=0
I, [2014-10-16T16:01:33.256654 #11329]  INFO -- : https://www.youtube.com/embed/OWc45iW4_V0?title=0&byline=0&portrait=0&autoplay=0
I, [2014-10-16T16:01:33.258273 #11329]  INFO -- : https://www.youtube.com/embed/0FCxM8jgftw?title=0&byline=0&portrait=0&autoplay=0
I, [2014-10-16T16:01:33.258851 #11329]  INFO -- : https://www.youtube.com/embed/0FCxM8jgftw?title=0&byline=0&portrait=0&autoplay=0
I, [2014-10-16T16:01:33.260429 #11329]  INFO -- : https://www.youtube.com/embed/oKbw6sUeqUk?title=0&byline=0&portrait=0&autoplay=0
I, [2014-10-16T16:01:33.260982 #11329]  INFO -- : https://www.youtube.com/embed/oKbw6sUeqUk?title=0&byline=0&portrait=0&autoplay=0
I, [2014-10-16T16:01:33.262526 #11329]  INFO -- : https://www.youtube.com/embed/NM3cAyA5jAo?title=0&byline=0&portrait=0&autoplay=0
I, [2014-10-16T16:01:33.263094 #11329]  INFO -- : https://www.youtube.com/embed/NM3cAyA5jAo?title=0&byline=0&portrait=0&autoplay=0
I, [2014-10-16T16:01:33.265212 #11329]  INFO -- : https://www.youtube.com/embed/gU5jhanCClo?title=0&byline=0&portrait=0&autoplay=0
I, [2014-10-16T16:01:33.265821 #11329]  INFO -- : https://www.youtube.com/embed/gU5jhanCClo?title=0&byline=0&portrait=0&autoplay=0
I, [2014-10-16T16:01:33.267787 #11329]  INFO -- : https://www.youtube.com/embed/GRQTx_pgrIk?title=0&byline=0&portrait=0&autoplay=0
I, [2014-10-16T16:01:33.268356 #11329]  INFO -- : https://www.youtube.com/embed/GRQTx_pgrIk?title=0&byline=0&portrait=0&autoplay=0
I, [2014-10-16T16:01:33.270044 #11329]  INFO -- : https://www.youtube.com/embed/uk-JADHkHlI?title=0&byline=0&portrait=0&autoplay=0
I, [2014-10-16T16:01:33.270645 #11329]  INFO -- : https://www.youtube.com/embed/uk-JADHkHlI?title=0&byline=0&portrait=0&autoplay=0
I, [2014-10-16T16:01:33.273052 #11329]  INFO -- : https://www.youtube.com/embed/OUjz6uFKOXY?title=0&byline=0&portrait=0&autoplay=0
I, [2014-10-16T16:01:33.273770 #11329]  INFO -- : https://www.youtube.com/embed/OUjz6uFKOXY?title=0&byline=0&portrait=0&autoplay=0
I, [2014-10-16T16:01:33.277491 #11329]  INFO -- : https://www.youtube.com/embed/CyiDGt-7N_c?title=0&byline=0&portrait=0&autoplay=0
I, [2014-10-16T16:01:33.278516 #11329]  INFO -- : https://www.youtube.com/embed/CyiDGt-7N_c?title=0&byline=0&portrait=0&autoplay=0
I, [2014-10-16T16:01:33.281864 #11329]  INFO -- : https://www.youtube.com/embed/ZvlwTP_RDCo?title=0&byline=0&portrait=0&autoplay=0
I, [2014-10-16T16:01:33.282959 #11329]  INFO -- : https://www.youtube.com/embed/ZvlwTP_RDCo?title=0&byline=0&portrait=0&autoplay=0
I, [2014-10-16T16:01:33.286107 #11329]  INFO -- : https://www.youtube.com/embed/ccXo3TItKLM?title=0&byline=0&portrait=0&autoplay=0
I, [2014-10-16T16:01:33.287124 #11329]  INFO -- : https://www.youtube.com/embed/ccXo3TItKLM?title=0&byline=0&portrait=0&autoplay=0
I, [2014-10-16T16:01:33.290231 #11329]  INFO -- : https://www.youtube.com/embed/zwNpd-QLnC0?title=0&byline=0&portrait=0&autoplay=0
I, [2014-10-16T16:01:33.290832 #11329]  INFO -- : https://www.youtube.com/embed/zwNpd-QLnC0?title=0&byline=0&portrait=0&autoplay=0
I, [2014-10-16T16:01:33.292983 #11329]  INFO -- : https://www.youtube.com/embed/SWTkMeW16i4?title=0&byline=0&portrait=0&autoplay=0
I, [2014-10-16T16:01:33.294694 #11329]  INFO -- : https://www.youtube.com/embed/SWTkMeW16i4?title=0&byline=0&portrait=0&autoplay=0
I, [2014-10-16T16:01:33.295514 #11329]  INFO -- : https://www.youtube.com/embed/ktxz6idAAbw?title=0&byline=0&portrait=0&autoplay=0
I, [2014-10-16T16:01:33.299792 #11329]  INFO -- : https://www.youtube.com/embed/DMIu7-jQNA8?title=0&byline=0&portrait=0&autoplay=0
I, [2014-10-16T16:01:33.300578 #11329]  INFO -- : https://www.youtube.com/embed/DMIu7-jQNA8?title=0&byline=0&portrait=0&autoplay=0
I, [2014-10-16T16:01:33.304421 #11329]  INFO -- : https://www.youtube.com/embed/1L9fRlwMGmE?title=0&byline=0&portrait=0&autoplay=0
I, [2014-10-16T16:01:33.305286 #11329]  INFO -- : https://www.youtube.com/embed/1L9fRlwMGmE?title=0&byline=0&portrait=0&autoplay=0
I, [2014-10-16T16:01:33.307231 #11329]  INFO -- : https://player.vimeo.com/video/103728414?title=0&byline=0&portrait=0&autoplay=0
I, [2014-10-16T16:01:33.308570 #11329]  INFO -- : https://player.vimeo.com/video/103728414?title=0&byline=0&portrait=0&autoplay=0
I, [2014-10-16T16:01:33.309128 #11329]  INFO -- : https://www.youtube.com/embed/AMcp4GZWu-k?title=0&byline=0&portrait=0&autoplay=0
I, [2014-10-16T16:01:33.312138 #11329]  INFO -- : https://www.youtube.com/embed/cLIT8UDI24A?title=0&byline=0&portrait=0&autoplay=0
I, [2014-10-16T16:01:33.313039 #11329]  INFO -- : https://www.youtube.com/embed/cLIT8UDI24A?title=0&byline=0&portrait=0&autoplay=0
I, [2014-10-16T16:01:33.315137 #11329]  INFO -- : https://www.youtube.com/embed/fVA3xVQW3lM?title=0&byline=0&portrait=0&autoplay=0
I, [2014-10-16T16:01:33.315786 #11329]  INFO -- : https://www.youtube.com/embed/fVA3xVQW3lM?title=0&byline=0&portrait=0&autoplay=0
I, [2014-10-16T16:01:33.317341 #11329]  INFO -- : https://www.youtube.com/embed/CZYyiuBjZs4?title=0&byline=0&portrait=0&autoplay=0
I, [2014-10-16T16:01:33.317946 #11329]  INFO -- : https://www.youtube.com/embed/CZYyiuBjZs4?title=0&byline=0&portrait=0&autoplay=0
I, [2014-10-16T16:01:33.319809 #11329]  INFO -- : https://www.youtube.com/embed/-tnywhcDaAc?title=0&byline=0&portrait=0&autoplay=0
I, [2014-10-16T16:01:33.320389 #11329]  INFO -- : https://www.youtube.com/embed/-tnywhcDaAc?title=0&byline=0&portrait=0&autoplay=0
I, [2014-10-16T16:01:33.322100 #11329]  INFO -- : https://www.youtube.com/embed/Xkzm06agsJw?title=0&byline=0&portrait=0&autoplay=0
I, [2014-10-16T16:01:33.322946 #11329]  INFO -- : https://www.youtube.com/embed/Xkzm06agsJw?title=0&byline=0&portrait=0&autoplay=0
I, [2014-10-16T16:01:33.324716 #11329]  INFO -- : https://www.youtube.com/embed/FAx03hNqic8?title=0&byline=0&portrait=0&autoplay=0
I, [2014-10-16T16:01:33.325273 #11329]  INFO -- : https://www.youtube.com/embed/FAx03hNqic8?title=0&byline=0&portrait=0&autoplay=0
I, [2014-10-16T16:01:33.326955 #11329]  INFO -- : https://www.youtube.com/embed/QFF6EWVSACE?title=0&byline=0&portrait=0&autoplay=0
I, [2014-10-16T16:01:33.327538 #11329]  INFO -- : https://www.youtube.com/embed/QFF6EWVSACE?title=0&byline=0&portrait=0&autoplay=0
I, [2014-10-16T16:01:33.329152 #11329]  INFO -- : https://www.youtube.com/embed/fIq-RJ7Ozzk?title=0&byline=0&portrait=0&autoplay=0
I, [2014-10-16T16:01:33.329860 #11329]  INFO -- : https://www.youtube.com/embed/fIq-RJ7Ozzk?title=0&byline=0&portrait=0&autoplay=0
I, [2014-10-16T16:01:33.332055 #11329]  INFO -- : https://www.youtube.com/embed/kalqeU6zswg?title=0&byline=0&portrait=0&autoplay=0
I, [2014-10-16T16:01:33.333510 #11329]  INFO -- : https://www.youtube.com/embed/kalqeU6zswg?title=0&byline=0&portrait=0&autoplay=0
I, [2014-10-16T16:01:33.364709 #11329]  INFO -- : https://www.youtube.com/embed/0H9bwPclRoo?title=0&byline=0&portrait=0&autoplay=0
I, [2014-10-16T16:01:33.365486 #11329]  INFO -- : https://www.youtube.com/embed/0H9bwPclRoo?title=0&byline=0&portrait=0&autoplay=0
I, [2014-10-16T16:01:33.367597 #11329]  INFO -- : https://www.youtube.com/embed/DkDUUsovw2g?title=0&byline=0&portrait=0&autoplay=0
I, [2014-10-16T16:01:33.368175 #11329]  INFO -- : https://www.youtube.com/embed/DkDUUsovw2g?title=0&byline=0&portrait=0&autoplay=0
I, [2014-10-16T16:01:33.369845 #11329]  INFO -- : https://www.youtube.com/embed/qat9gR5nrpM?title=0&byline=0&portrait=0&autoplay=0
I, [2014-10-16T16:01:33.370481 #11329]  INFO -- : https://www.youtube.com/embed/qat9gR5nrpM?title=0&byline=0&portrait=0&autoplay=0
I, [2014-10-16T16:01:33.372137 #11329]  INFO -- : https://www.youtube.com/embed/HW2ob5Xxco0?title=0&byline=0&portrait=0&autoplay=0
I, [2014-10-16T16:01:33.372723 #11329]  INFO -- : https://www.youtube.com/embed/HW2ob5Xxco0?title=0&byline=0&portrait=0&autoplay=0
I, [2014-10-16T16:01:33.374314 #11329]  INFO -- : https://www.youtube.com/embed/DepakUSDtQE?title=0&byline=0&portrait=0&autoplay=0
I, [2014-10-16T16:01:33.374890 #11329]  INFO -- : https://www.youtube.com/embed/DepakUSDtQE?title=0&byline=0&portrait=0&autoplay=0
I, [2014-10-16T16:01:33.376478 #11329]  INFO -- : https://www.youtube.com/embed/c6RKXFHX6X8?title=0&byline=0&portrait=0&autoplay=0
I, [2014-10-16T16:01:33.377027 #11329]  INFO -- : https://www.youtube.com/embed/c6RKXFHX6X8?title=0&byline=0&portrait=0&autoplay=0
I, [2014-10-16T16:01:33.378822 #11329]  INFO -- : https://www.youtube.com/embed/kRHOk5r7BQE?title=0&byline=0&portrait=0&autoplay=0
I, [2014-10-16T16:01:33.379390 #11329]  INFO -- : https://www.youtube.com/embed/kRHOk5r7BQE?title=0&byline=0&portrait=0&autoplay=0
I, [2014-10-16T16:01:33.381242 #11329]  INFO -- : https://www.youtube.com/embed/l8jFHVsy6yc?title=0&byline=0&portrait=0&autoplay=0
I, [2014-10-16T16:01:33.381773 #11329]  INFO -- : https://www.youtube.com/embed/l8jFHVsy6yc?title=0&byline=0&portrait=0&autoplay=0
I, [2014-10-16T16:01:33.383371 #11329]  INFO -- : https://www.youtube.com/embed/I_YChPGQels?title=0&byline=0&portrait=0&autoplay=0
I, [2014-10-16T16:01:33.383956 #11329]  INFO -- : https://www.youtube.com/embed/I_YChPGQels?title=0&byline=0&portrait=0&autoplay=0
I, [2014-10-16T16:01:33.385613 #11329]  INFO -- : https://www.youtube.com/embed/Tg_f-dGZhck?title=0&byline=0&portrait=0&autoplay=0
I, [2014-10-16T16:01:33.386190 #11329]  INFO -- : https://www.youtube.com/embed/Tg_f-dGZhck?title=0&byline=0&portrait=0&autoplay=0
I, [2014-10-16T16:01:33.387899 #11329]  INFO -- : https://www.youtube.com/embed/gBSJLOiQIy0?title=0&byline=0&portrait=0&autoplay=0
I, [2014-10-16T16:01:33.388435 #11329]  INFO -- : https://www.youtube.com/embed/gBSJLOiQIy0?title=0&byline=0&portrait=0&autoplay=0
I, [2014-10-16T16:01:33.389952 #11329]  INFO -- : https://www.youtube.com/embed/fUwRqYifFXo?title=0&byline=0&portrait=0&autoplay=0
I, [2014-10-16T16:01:33.390512 #11329]  INFO -- : https://www.youtube.com/embed/fUwRqYifFXo?title=0&byline=0&portrait=0&autoplay=0
I, [2014-10-16T16:01:33.392195 #11329]  INFO -- : https://www.youtube.com/embed/g42Ulr3kZAI?title=0&byline=0&portrait=0&autoplay=0
I, [2014-10-16T16:01:33.392719 #11329]  INFO -- : https://www.youtube.com/embed/g42Ulr3kZAI?title=0&byline=0&portrait=0&autoplay=0
I, [2014-10-16T16:01:33.394361 #11329]  INFO -- : https://www.youtube.com/embed/nrYAizc2V5I?title=0&byline=0&portrait=0&autoplay=0
I, [2014-10-16T16:01:33.394964 #11329]  INFO -- : https://www.youtube.com/embed/nrYAizc2V5I?title=0&byline=0&portrait=0&autoplay=0
I, [2014-10-16T16:01:33.397053 #11329]  INFO -- : https://www.youtube.com/embed/DlGhuud-s4w?title=0&byline=0&portrait=0&autoplay=0
I, [2014-10-16T16:01:33.397870 #11329]  INFO -- : https://www.youtube.com/embed/DlGhuud-s4w?title=0&byline=0&portrait=0&autoplay=0
I, [2014-10-16T16:01:33.399619 #11329]  INFO -- : https://www.youtube.com/embed/kYNPtDbykp0?title=0&byline=0&portrait=0&autoplay=0
I, [2014-10-16T16:01:33.400196 #11329]  INFO -- : https://www.youtube.com/embed/kYNPtDbykp0?title=0&byline=0&portrait=0&autoplay=0
I, [2014-10-16T16:01:33.402223 #11329]  INFO -- : http://disqus.com/?ref_noscript
I, [2014-10-16T16:01:33.403039 #11329]  INFO -- : http://disqus.com/?ref_noscript
I, [2014-10-16T16:01:33.404774 #11329]  INFO -- : http://disqus.com/
I, [2014-10-16T16:01:33.408048 #11329]  INFO -- : http://disqus.com/
I, [2014-10-16T16:01:34.331908 #11329]  INFO -- : http://support.charitable.org/hc/en-us/articles/202649498-What-makes-a-video-successful-
I, [2014-10-16T16:01:34.695638 #11329]  INFO -- : http://support.charitable.org/hc/en-us/articles/202221593-How-do-I-manage-the-delivery-of-rewards-
I, [2014-10-16T16:01:42.926653 #11329]  INFO -- : CRAWL COMPLETED AT: 2014-10-16 16:01:42 -0700
